{"logTime": "0429/150523", "correlationVector":"OC8iOv8zLskxp+k99WnwtK.0","action":"FeedSettingFetch_homeCloud", "result":"0", "context":{}}
{"logTime": "0429/150523", "correlationVector":"OC8iOv8zLskxp+k99WnwtK.0","action":"SyncServerConnectionManagerRequest", "result":"SYNC_SERVER_OK", "context":{"environment":"", "migrationStage":"", "server":""}}
{"logTime": "0429/150523", "correlationVector":"hFG+wGUbdR2zTQZHFzRZw5.1","action":"SyncServerConnectionManagerRequest", "result":"SYNC_SERVER_OK", "context":{"environment":"Prod_SoutheastAsia_000j", "migrationStage":"NotStarted", "server":"GENERAL0100001I"}}
{"logTime": "0429/150523", "correlationVector":"hFG+wGUbdR2zTQZHFzRZw5","action":"Initial GetUpdates", "result":"", "context":Reason: NEW_CLIENT. cV=hFG+wGUbdR2zTQZHFzRZw5}
{"logTime": "0429/150523", "correlationVector":"hFG+wGUbdR2zTQZHFzRZw5.2","action":"GetUpdates Response", "result":"SYNCER_OK", "context":Received 1 update(s). cV=hFG+wGUbdR2zTQZHFzRZw5.0;server=GENERAL0100001I;cloudType=Consumer;environment=Prod_SoutheastAsia_000j;migrationStage=NotStarted}
{"logTime": "0429/150523", "correlationVector":"qrOnHNx3tutr4CKzpi7rUq","action":"Initial GetUpdates", "result":"", "context":Reason: NEW_CLIENT. cV=qrOnHNx3tutr4CKzpi7rUq}
{"logTime": "0429/150523", "correlationVector":"qrOnHNx3tutr4CKzpi7rUq.1","action":"SyncServerConnectionManagerRequest", "result":"SYNC_SERVER_OK", "context":{"environment":"Prod_SoutheastAsia_000j", "migrationStage":"NotStarted", "server":"GENERAL01000004"}}
{"logTime": "0429/150523", "correlationVector":"qrOnHNx3tutr4CKzpi7rUq.2","action":"GetUpdates Response", "result":"SYNCER_OK", "context":Received 8 update(s). cV=qrOnHNx3tutr4CKzpi7rUq.0;server=GENERAL01000004;cloudType=Consumer;environment=Prod_SoutheastAsia_000j;migrationStage=NotStarted}
{"logTime": "0429/150523", "correlationVector":"PM7x0iGEiJ2JbFdpkF+blP","action":"Normal GetUpdate request", "result":"", "context":cV=PM7x0iGEiJ2JbFdpkF+blP
Nudged types: Device Info, User Consents
Refresh requested types: Device Info, User Consents, Send Tab To Self, Encryption Keys}
{"logTime": "0429/150523", "correlationVector":"PM7x0iGEiJ2JbFdpkF+blP.1","action":"SyncServerConnectionManagerRequest", "result":"SYNC_SERVER_OK", "context":{"environment":"Prod_SoutheastAsia_000j", "migrationStage":"NotStarted", "server":"general0100001A"}}
{"logTime": "0429/150523", "correlationVector":"PM7x0iGEiJ2JbFdpkF+blP.2","action":"GetUpdates Response", "result":"SYNCER_OK", "context":Received 0 update(s). cV=PM7x0iGEiJ2JbFdpkF+blP.0;server=general0100001A;cloudType=Consumer;environment=Prod_SoutheastAsia_000j;migrationStage=NotStarted}
{"logTime": "0429/150523", "correlationVector":"Fa6wR4q7vujmXaUb618Pgk","action":"Commit Request", "result":"", "context":Item count: 1
Contributing types: Device Info}
{"logTime": "0429/150523", "correlationVector":"Fa6wR4q7vujmXaUb618Pgk.1","action":"SyncServerConnectionManagerRequest", "result":"SYNC_SERVER_OK", "context":{"environment":"Prod_SoutheastAsia_000j", "migrationStage":"NotStarted", "server":"GENERAL0100000E"}}
{"logTime": "0429/150523", "correlationVector":"Fa6wR4q7vujmXaUb618Pgk.2","action":"Commit Response", "result":"SYNCER_OK", "context":Result: SYNCER_OK. cV=Fa6wR4q7vujmXaUb618Pgk.0;server=GENERAL0100000E;cloudType=Consumer;environment=Prod_SoutheastAsia_000j;migrationStage=NotStarted}
{"logTime": "0429/150523", "correlationVector":"ZhFtovkxDGM6IbOEIoGU8u","action":"Commit Request", "result":"", "context":Item count: 2
Contributing types: User Consents}
{"logTime": "0429/150523", "correlationVector":"ZhFtovkxDGM6IbOEIoGU8u.1","action":"SyncServerConnectionManagerRequest", "result":"SYNC_SERVER_OK", "context":{"environment":"Prod_SoutheastAsia_000j", "migrationStage":"NotStarted", "server":"GENERAL01000006"}}
{"logTime": "0429/150523", "correlationVector":"ZhFtovkxDGM6IbOEIoGU8u.2","action":"Commit Response", "result":"SYNCER_OK", "context":Result: SYNCER_OK. cV=ZhFtovkxDGM6IbOEIoGU8u.0;server=GENERAL01000006;cloudType=Consumer;environment=Prod_SoutheastAsia_000j;migrationStage=NotStarted}
{"logTime": "0429/150523", "correlationVector":"qQMw8ut0LKwkN2Rf8NveUq","action":"Normal GetUpdate request", "result":"", "context":cV=qQMw8ut0LKwkN2Rf8NveUq
Nudged types: Device Info}
{"logTime": "0429/150523", "correlationVector":"qQMw8ut0LKwkN2Rf8NveUq.1","action":"SyncServerConnectionManagerRequest", "result":"SYNC_SERVER_OK", "context":{"environment":"Prod_SoutheastAsia_000j", "migrationStage":"NotStarted", "server":"general01000013"}}
{"logTime": "0429/150523", "correlationVector":"qQMw8ut0LKwkN2Rf8NveUq.2","action":"GetUpdates Response", "result":"SYNCER_OK", "context":Received 1 update(s). cV=qQMw8ut0LKwkN2Rf8NveUq.0;server=general01000013;cloudType=Consumer;environment=Prod_SoutheastAsia_000j;migrationStage=NotStarted}
{"logTime": "0429/153743", "correlationVector":"x6ux5CNvT/jK25AaQ82QEX.0","action":"FeedSettingFetch_homeCloud", "result":"0", "context":{}}
{"logTime": "0429/153743", "correlationVector":"6Jhb19dJe3LDfESc/rvvvl.1","action":"SyncServerConnectionManagerRequest", "result":"SYNC_SERVER_OK", "context":{"environment":"Prod_SoutheastAsia_000j", "migrationStage":"NotStarted", "server":"GENERAL0100000U"}}
{"logTime": "0429/153743", "correlationVector":"6Jhb19dJe3LDfESc/rvvvl","action":"Initial GetUpdates", "result":"", "context":Reason: NEW_CLIENT. cV=6Jhb19dJe3LDfESc/rvvvl}
{"logTime": "0429/153743", "correlationVector":"6Jhb19dJe3LDfESc/rvvvl.2","action":"GetUpdates Response", "result":"SYNCER_OK", "context":Received 1 update(s). cV=6Jhb19dJe3LDfESc/rvvvl.0;server=GENERAL0100000U;cloudType=Consumer;environment=Prod_SoutheastAsia_000j;migrationStage=NotStarted}
{"logTime": "0429/153743", "correlationVector":"9aC+ebWyUwfsQi3231s5ji","action":"Normal GetUpdate request", "result":"", "context":cV=9aC+ebWyUwfsQi3231s5ji
Nudged types: User Consents
Refresh requested types: Device Info, User Consents, Send Tab To Self, Encryption Keys}
{"logTime": "0429/153743", "correlationVector":"9aC+ebWyUwfsQi3231s5ji.1","action":"SyncServerConnectionManagerRequest", "result":"SYNC_SERVER_OK", "context":{"environment":"Prod_SoutheastAsia_000j", "migrationStage":"NotStarted", "server":"GENERAL0100001D"}}
{"logTime": "0429/153743", "correlationVector":"9aC+ebWyUwfsQi3231s5ji.2","action":"GetUpdates Response", "result":"SYNCER_OK", "context":Received 1 update(s). cV=9aC+ebWyUwfsQi3231s5ji.0;server=GENERAL0100001D;cloudType=Consumer;environment=Prod_SoutheastAsia_000j;migrationStage=NotStarted}
{"logTime": "0429/153743", "correlationVector":"vS+7SBgQ2vo9OKHTBf2dM0","action":"Commit Request", "result":"", "context":Item count: 1
Contributing types: User Consents}
{"logTime": "0429/153743", "correlationVector":"vS+7SBgQ2vo9OKHTBf2dM0.1","action":"SyncServerConnectionManagerRequest", "result":"SYNC_SERVER_OK", "context":{"environment":"Prod_SoutheastAsia_000j", "migrationStage":"NotStarted", "server":"GENERAL01000019"}}
{"logTime": "0429/153743", "correlationVector":"vS+7SBgQ2vo9OKHTBf2dM0.2","action":"Commit Response", "result":"SYNCER_OK", "context":Result: SYNCER_OK. cV=vS+7SBgQ2vo9OKHTBf2dM0.0;server=GENERAL01000019;cloudType=Consumer;environment=Prod_SoutheastAsia_000j;migrationStage=NotStarted}
{"logTime": "0429/153744", "correlationVector":"11cQ4FVKZEirME22N6q9X3","action":"SyncServerConnectionManagerRequest", "result":"SYNC_SERVER_OK", "context":{"environment":"", "migrationStage":"", "server":""}}
{"logTime": "0429/153744", "correlationVector":"EMZxL6ggz9b3XYntOqkhKD","action":"Initial GetUpdates", "result":"", "context":Reason: RECONFIGURATION. cV=EMZxL6ggz9b3XYntOqkhKD}
{"logTime": "0429/153745", "correlationVector":"EMZxL6ggz9b3XYntOqkhKD.1","action":"SyncServerConnectionManagerRequest", "result":"SYNC_SERVER_OK", "context":{"environment":"Prod_SoutheastAsia_000j", "migrationStage":"NotStarted", "server":"GENERAL0100000W"}}
{"logTime": "0429/153745", "correlationVector":"EMZxL6ggz9b3XYntOqkhKD.2","action":"GetUpdates Response", "result":"SYNCER_OK", "context":Received 39 update(s). cV=EMZxL6ggz9b3XYntOqkhKD.0;server=GENERAL0100000W;cloudType=Consumer;environment=Prod_SoutheastAsia_000j;migrationStage=NotStarted}
{"logTime": "0429/153745", "correlationVector":"i79g/CaThjJSMul4oZzCQT","action":"Initial GetUpdates", "result":"", "context":Reason: NEWLY_SUPPORTED_DATATYPE. cV=i79g/CaThjJSMul4oZzCQT}
{"logTime": "0429/153745", "correlationVector":"i79g/CaThjJSMul4oZzCQT.1","action":"SyncServerConnectionManagerRequest", "result":"SYNC_SERVER_OK", "context":{"environment":"Prod_SoutheastAsia_000j", "migrationStage":"NotStarted", "server":"general0100000F"}}
{"logTime": "0429/153745", "correlationVector":"i79g/CaThjJSMul4oZzCQT.2","action":"GetUpdates Response", "result":"SYNCER_OK", "context":Received 6 update(s). cV=i79g/CaThjJSMul4oZzCQT.0;server=general0100000F;cloudType=Consumer;environment=Prod_SoutheastAsia_000j;migrationStage=NotStarted}
{"logTime": "0429/153745", "correlationVector":"SIMmELgmu7zwOLosYQu1OK","action":"Initial GetUpdates", "result":"", "context":Reason: NEWLY_SUPPORTED_DATATYPE. cV=SIMmELgmu7zwOLosYQu1OK}
{"logTime": "0429/153745", "correlationVector":"SIMmELgmu7zwOLosYQu1OK.1","action":"SyncServerConnectionManagerRequest", "result":"SYNC_SERVER_OK", "context":{"environment":"Prod_SoutheastAsia_000j", "migrationStage":"NotStarted", "server":"GENERAL0100000T"}}
{"logTime": "0429/153745", "correlationVector":"SIMmELgmu7zwOLosYQu1OK.2","action":"GetUpdates", "result":"DeleteReceived", "context":{"id":"a130ddd3-17e9-499e-bed5-af84bbfe99ac", "isDeleted:":"true", "version":"1680106413983"}}
{"logTime": "0429/153745", "correlationVector":"SIMmELgmu7zwOLosYQu1OK.3","action":"GetUpdates", "result":"DeleteReceived", "context":{"id":"8d2a81ae-9b14-44d3-84dd-3c8f94963064", "isDeleted:":"true", "version":"1680160176781"}}
{"logTime": "0429/153745", "correlationVector":"SIMmELgmu7zwOLosYQu1OK.4","action":"GetUpdates", "result":"DeleteReceived", "context":{"id":"fe7e779d-056a-4115-bf42-9f8393c27d65", "isDeleted:":"true", "version":"1680161419448"}}
{"logTime": "0429/153745", "correlationVector":"SIMmELgmu7zwOLosYQu1OK.5","action":"GetUpdates", "result":"DeleteReceived", "context":{"id":"287c22dd-96b1-4ee8-80a7-a15f29b5b604", "isDeleted:":"true", "version":"1680191479552"}}
{"logTime": "0429/153745", "correlationVector":"SIMmELgmu7zwOLosYQu1OK.6","action":"GetUpdates", "result":"DeleteReceived", "context":{"id":"06921364-b1d6-4261-84ce-01d11d66c40a", "isDeleted:":"true", "version":"1680193691074"}}
{"logTime": "0429/153745", "correlationVector":"SIMmELgmu7zwOLosYQu1OK.7","action":"GetUpdates", "result":"DeleteReceived", "context":{"id":"10219eda-3d83-4795-b240-82b9a4c5b1af", "isDeleted:":"true", "version":"1680195237543"}}
{"logTime": "0429/153745", "correlationVector":"SIMmELgmu7zwOLosYQu1OK.8","action":"GetUpdates", "result":"DeleteReceived", "context":{"id":"96a627ab-360a-4e18-a91b-7c1eec351414", "isDeleted:":"true", "version":"1680197414774"}}
{"logTime": "0429/153745", "correlationVector":"SIMmELgmu7zwOLosYQu1OK.9","action":"GetUpdates", "result":"DeleteReceived", "context":{"id":"ced8b73a-1e9f-416b-a21c-c5854b4197b9", "isDeleted:":"true", "version":"1680424077358"}}
{"logTime": "0429/153745", "correlationVector":"SIMmELgmu7zwOLosYQu1OK.10","action":"GetUpdates", "result":"DeleteReceived", "context":{"id":"5363c66c-0adf-4678-8784-66a7e96f5e94", "isDeleted:":"true", "version":"1680424079311"}}
{"logTime": "0429/153745", "correlationVector":"SIMmELgmu7zwOLosYQu1OK.11","action":"GetUpdates", "result":"DeleteReceived", "context":{"id":"378767de-41e4-40f2-86a7-7a0682898892", "isDeleted:":"true", "version":"1680424663923"}}
{"logTime": "0429/153745", "correlationVector":"SIMmELgmu7zwOLosYQu1OK.12","action":"GetUpdates", "result":"DeleteReceived", "context":{"id":"a2498901-ec18-4ac1-988d-44b9ff359254", "isDeleted:":"true", "version":"1680424708512"}}
{"logTime": "0429/153745", "correlationVector":"SIMmELgmu7zwOLosYQu1OK.13","action":"GetUpdates", "result":"DeleteReceived", "context":{"id":"ab1a7dbf-2523-420c-883e-563a1dfaf061", "isDeleted:":"true", "version":"1680424885699"}}
{"logTime": "0429/153745", "correlationVector":"SIMmELgmu7zwOLosYQu1OK.14","action":"GetUpdates", "result":"DeleteReceived", "context":{"id":"426715b3-d866-4373-8002-f87c4d0236ae", "isDeleted:":"true", "version":"1680425691136"}}
{"logTime": "0429/153745", "correlationVector":"SIMmELgmu7zwOLosYQu1OK.15","action":"GetUpdates", "result":"DeleteReceived", "context":{"id":"af8a3cd1-227b-4b9c-915f-7e82d6983a81", "isDeleted:":"true", "version":"1680426571022"}}
{"logTime": "0429/153745", "correlationVector":"SIMmELgmu7zwOLosYQu1OK.16","action":"GetUpdates", "result":"DeleteReceived", "context":{"id":"d07479dd-dac3-4273-b86a-a2549574b0c1", "isDeleted:":"true", "version":"1680426866069"}}
{"logTime": "0429/153745", "correlationVector":"SIMmELgmu7zwOLosYQu1OK.17","action":"GetUpdates", "result":"DeleteReceived", "context":{"id":"9d301e89-449a-436b-ba65-d119d4e69682", "isDeleted:":"true", "version":"1680508681368"}}
{"logTime": "0429/153745", "correlationVector":"SIMmELgmu7zwOLosYQu1OK.18","action":"GetUpdates", "result":"DeleteReceived", "context":{"id":"ebca4179-e006-4cef-81d4-8936b7fd32d3", "isDeleted:":"true", "version":"1680508681369"}}
{"logTime": "0429/153745", "correlationVector":"SIMmELgmu7zwOLosYQu1OK.19","action":"GetUpdates", "result":"DeleteReceived", "context":{"id":"1366235f-3252-4d61-a0f3-ecbc604f6bf8", "isDeleted:":"true", "version":"1680560322904"}}
{"logTime": "0429/153745", "correlationVector":"SIMmELgmu7zwOLosYQu1OK.20","action":"GetUpdates", "result":"DeleteReceived", "context":{"id":"0e1029be-a3d4-4bf1-999e-5c78eb0a3ab7", "isDeleted:":"true", "version":"1680560322905"}}
{"logTime": "0429/153745", "correlationVector":"SIMmELgmu7zwOLosYQu1OK.21","action":"GetUpdates", "result":"DeleteReceived", "context":{"id":"1b805fb1-5ae4-4510-866f-f74ee8d0e92f", "isDeleted:":"true", "version":"1680560544530"}}
{"logTime": "0429/153745", "correlationVector":"SIMmELgmu7zwOLosYQu1OK.22","action":"GetUpdates", "result":"DeleteReceived", "context":{"id":"af293168-4ea7-4073-9dfb-d8172b8759d4", "isDeleted:":"true", "version":"1680560584071"}}
{"logTime": "0429/153745", "correlationVector":"SIMmELgmu7zwOLosYQu1OK.23","action":"GetUpdates", "result":"DeleteReceived", "context":{"id":"14813d91-75db-473e-b995-77771a1ef726", "isDeleted:":"true", "version":"1680560653260"}}
{"logTime": "0429/153745", "correlationVector":"SIMmELgmu7zwOLosYQu1OK.24","action":"GetUpdates", "result":"DeleteReceived", "context":{"id":"3b90d571-0ff6-4459-8d28-a17437afde7e", "isDeleted:":"true", "version":"1680561283160"}}
{"logTime": "0429/153745", "correlationVector":"SIMmELgmu7zwOLosYQu1OK.25","action":"GetUpdates", "result":"DeleteReceived", "context":{"id":"1a802d55-5824-4551-a4ab-91bea05108c2", "isDeleted:":"true", "version":"1680561283161"}}
{"logTime": "0429/153745", "correlationVector":"SIMmELgmu7zwOLosYQu1OK.26","action":"GetUpdates", "result":"DeleteReceived", "context":{"id":"58116e28-3fbd-4d1d-ab59-5c10ffac9894", "isDeleted:":"true", "version":"1680561978248"}}
{"logTime": "0429/153745", "correlationVector":"SIMmELgmu7zwOLosYQu1OK.27","action":"GetUpdates", "result":"DeleteReceived", "context":{"id":"9be248ce-8578-4103-8f64-3b57120fcd49", "isDeleted:":"true", "version":"1680562591324"}}
{"logTime": "0429/153745", "correlationVector":"SIMmELgmu7zwOLosYQu1OK.28","action":"GetUpdates", "result":"DeleteReceived", "context":{"id":"82ea9fb7-4139-48a3-bb67-d2b677f50641", "isDeleted:":"true", "version":"1680703743390"}}
{"logTime": "0429/153745", "correlationVector":"SIMmELgmu7zwOLosYQu1OK.29","action":"GetUpdates", "result":"DeleteReceived", "context":{"id":"25574afc-7ee3-4ea1-91fa-b30a9b1b15f4", "isDeleted:":"true", "version":"1680703743391"}}
{"logTime": "0429/153745", "correlationVector":"SIMmELgmu7zwOLosYQu1OK.30","action":"GetUpdates", "result":"DeleteReceived", "context":{"id":"dd2c0326-3813-4c9e-b20d-53bb1fe79c60", "isDeleted:":"true", "version":"1680703743392"}}
{"logTime": "0429/153745", "correlationVector":"SIMmELgmu7zwOLosYQu1OK.31","action":"GetUpdates", "result":"DeleteReceived", "context":{"id":"a87f1387-ecc0-45d1-bbb2-2c7d14c347a0", "isDeleted:":"true", "version":"1681051787622"}}
{"logTime": "0429/153745", "correlationVector":"SIMmELgmu7zwOLosYQu1OK.32","action":"GetUpdates", "result":"DeleteReceived", "context":{"id":"34bf5ffe-bcf7-4809-a428-aca621ebab85", "isDeleted:":"true", "version":"1681292785139"}}
{"logTime": "0429/153745", "correlationVector":"SIMmELgmu7zwOLosYQu1OK.33","action":"GetUpdates", "result":"DeleteReceived", "context":{"id":"7a5406f0-469b-48d7-a37a-28cc187cf30d", "isDeleted:":"true", "version":"1681292868715"}}
{"logTime": "0429/153745", "correlationVector":"SIMmELgmu7zwOLosYQu1OK.34","action":"GetUpdates", "result":"DeleteReceived", "context":{"id":"d186b81c-a5a8-422f-9802-364dd13a6f0d", "isDeleted:":"true", "version":"1681292955448"}}
{"logTime": "0429/153745", "correlationVector":"SIMmELgmu7zwOLosYQu1OK.35","action":"GetUpdates", "result":"DeleteReceived", "context":{"id":"51da3c2b-ba28-447a-8d6c-96d02cfefab6", "isDeleted:":"true", "version":"1681443402364"}}
{"logTime": "0429/153745", "correlationVector":"SIMmELgmu7zwOLosYQu1OK.36","action":"GetUpdates", "result":"DeleteReceived", "context":{"id":"7bf41caa-42d0-417a-9c10-85af5539d9cd", "isDeleted:":"true", "version":"1681443402366"}}
{"logTime": "0429/153745", "correlationVector":"SIMmELgmu7zwOLosYQu1OK.37","action":"GetUpdates", "result":"DeleteReceived", "context":{"id":"53b2f8e8-a224-4bd6-9e7d-44e1cd8fdf1d", "isDeleted:":"true", "version":"1681443402367"}}
{"logTime": "0429/153745", "correlationVector":"SIMmELgmu7zwOLosYQu1OK.38","action":"GetUpdates", "result":"DeleteReceived", "context":{"id":"4addaba4-1510-4946-98a3-1157ab935425", "isDeleted:":"true", "version":"1681443402368"}}
{"logTime": "0429/153745", "correlationVector":"SIMmELgmu7zwOLosYQu1OK.39","action":"GetUpdates", "result":"DeleteReceived", "context":{"id":"8a6f6ded-3b7c-49d7-bcb7-a7f3e9032d3f", "isDeleted:":"true", "version":"1681443566279"}}
{"logTime": "0429/153745", "correlationVector":"SIMmELgmu7zwOLosYQu1OK.40","action":"GetUpdates", "result":"DeleteReceived", "context":{"id":"d5ca9d94-7528-4f55-a936-d7b3b0d140ed", "isDeleted:":"true", "version":"1681563114106"}}
{"logTime": "0429/153745", "correlationVector":"SIMmELgmu7zwOLosYQu1OK.41","action":"GetUpdates", "result":"DeleteReceived", "context":{"id":"2845c513-4e96-4a56-a78b-223e7ec3245c", "isDeleted:":"true", "version":"1681563114107"}}
{"logTime": "0429/153745", "correlationVector":"SIMmELgmu7zwOLosYQu1OK.42","action":"GetUpdates", "result":"DeleteReceived", "context":{"id":"c5fbb36f-ded3-47e7-8c83-9b1ce2a832e0", "isDeleted:":"true", "version":"1681563478208"}}
{"logTime": "0429/153745", "correlationVector":"SIMmELgmu7zwOLosYQu1OK.43","action":"GetUpdates", "result":"DeleteReceived", "context":{"id":"510d3bbf-0f2a-406f-8b7f-8d6ea197ac70", "isDeleted:":"true", "version":"1681563574487"}}
{"logTime": "0429/153745", "correlationVector":"SIMmELgmu7zwOLosYQu1OK.44","action":"GetUpdates", "result":"DeleteReceived", "context":{"id":"ec4e07c0-881c-4060-a427-4c7d988f9c84", "isDeleted:":"true", "version":"1681565981404"}}
{"logTime": "0429/153745", "correlationVector":"SIMmELgmu7zwOLosYQu1OK.45","action":"GetUpdates", "result":"DeleteReceived", "context":{"id":"d6dbb1ff-4d9b-4d9f-9e83-b87138b42f6e", "isDeleted:":"true", "version":"1681566144287"}}
{"logTime": "0429/153745", "correlationVector":"SIMmELgmu7zwOLosYQu1OK.46","action":"GetUpdates", "result":"DeleteReceived", "context":{"id":"217087b1-c0da-474a-b272-0fcf4334d4af", "isDeleted:":"true", "version":"1681566144288"}}
{"logTime": "0429/153745", "correlationVector":"SIMmELgmu7zwOLosYQu1OK.47","action":"GetUpdates", "result":"DeleteReceived", "context":{"id":"20668495-847d-49a6-8525-991175bc6406", "isDeleted:":"true", "version":"1681566144289"}}
{"logTime": "0429/153745", "correlationVector":"SIMmELgmu7zwOLosYQu1OK.48","action":"GetUpdates", "result":"DeleteReceived", "context":{"id":"023876ea-28de-46b6-b759-ff07ac2b182a", "isDeleted:":"true", "version":"1681566144290"}}
{"logTime": "0429/153745", "correlationVector":"SIMmELgmu7zwOLosYQu1OK.49","action":"GetUpdates", "result":"DeleteReceived", "context":{"id":"1c1012e0-744e-4312-8c28-d07e3724a328", "isDeleted:":"true", "version":"1681566409486"}}
{"logTime": "0429/153745", "correlationVector":"SIMmELgmu7zwOLosYQu1OK.50","action":"GetUpdates", "result":"DeleteReceived", "context":{"id":"36e13739-d9b6-4cb4-8e8b-cbb79ef0ab1a", "isDeleted:":"true", "version":"1681566409488"}}
{"logTime": "0429/153745", "correlationVector":"SIMmELgmu7zwOLosYQu1OK.51","action":"GetUpdates", "result":"DeleteReceived", "context":{"id":"ceffc7e2-a4bf-4499-8073-0ab95b9bcd27", "isDeleted:":"true", "version":"1681566409489"}}
{"logTime": "0429/153745", "correlationVector":"SIMmELgmu7zwOLosYQu1OK.52","action":"GetUpdates", "result":"DeleteReceived", "context":{"id":"acd7a8f7-5334-4fd9-a428-f0547908c3fb", "isDeleted:":"true", "version":"1681566409490"}}
{"logTime": "0429/153745", "correlationVector":"SIMmELgmu7zwOLosYQu1OK.53","action":"GetUpdates", "result":"DeleteReceived", "context":{"id":"5f65bcd6-2235-4456-a5ef-fe9704a5aa63", "isDeleted:":"true", "version":"1681566772868"}}
{"logTime": "0429/153745", "correlationVector":"SIMmELgmu7zwOLosYQu1OK.54","action":"GetUpdates", "result":"DeleteReceived", "context":{"id":"dd21010d-9c7e-4b85-af15-4315770dfdf0", "isDeleted:":"true", "version":"1681569314793"}}
{"logTime": "0429/153745", "correlationVector":"SIMmELgmu7zwOLosYQu1OK.55","action":"GetUpdates", "result":"DeleteReceived", "context":{"id":"9d8f6f90-06df-454a-bb2f-b91b3178efd5", "isDeleted:":"true", "version":"1681569972018"}}
{"logTime": "0429/153745", "correlationVector":"SIMmELgmu7zwOLosYQu1OK.56","action":"GetUpdates", "result":"DeleteReceived", "context":{"id":"2c065c6c-af77-448c-bc1a-7d3d4e223587", "isDeleted:":"true", "version":"1681569972020"}}
{"logTime": "0429/153745", "correlationVector":"SIMmELgmu7zwOLosYQu1OK.57","action":"GetUpdates", "result":"DeleteReceived", "context":{"id":"e8a4dd5c-39b4-4ddf-b7f8-2dd0194655c3", "isDeleted:":"true", "version":"1681569972023"}}
{"logTime": "0429/153745", "correlationVector":"SIMmELgmu7zwOLosYQu1OK.58","action":"GetUpdates", "result":"DeleteReceived", "context":{"id":"e3bc0e84-b5bd-4a7a-aff0-a05fc4341977", "isDeleted:":"true", "version":"1681569972024"}}
{"logTime": "0429/153745", "correlationVector":"SIMmELgmu7zwOLosYQu1OK.59","action":"GetUpdates", "result":"DeleteReceived", "context":{"id":"d42532ee-ff07-4010-a0be-0df3d7ea341b", "isDeleted:":"true", "version":"1681571158667"}}
{"logTime": "0429/153745", "correlationVector":"SIMmELgmu7zwOLosYQu1OK.60","action":"GetUpdates", "result":"DeleteReceived", "context":{"id":"813ab5f5-3f83-41ce-a7ba-ff72bb3ddd17", "isDeleted:":"true", "version":"1681571502148"}}
{"logTime": "0429/153745", "correlationVector":"SIMmELgmu7zwOLosYQu1OK.61","action":"GetUpdates", "result":"DeleteReceived", "context":{"id":"c0f15fd4-df0f-4344-8f89-bce623f858ac", "isDeleted:":"true", "version":"1681571756893"}}
{"logTime": "0429/153745", "correlationVector":"SIMmELgmu7zwOLosYQu1OK.62","action":"GetUpdates", "result":"DeleteReceived", "context":{"id":"0104161f-40eb-4b64-84b9-435c8a39a423", "isDeleted:":"true", "version":"1681572859737"}}
{"logTime": "0429/153745", "correlationVector":"SIMmELgmu7zwOLosYQu1OK.63","action":"GetUpdates", "result":"DeleteReceived", "context":{"id":"57235938-71cd-444c-aee9-e9f6f18fdd48", "isDeleted:":"true", "version":"1681572859738"}}
{"logTime": "0429/153745", "correlationVector":"SIMmELgmu7zwOLosYQu1OK.64","action":"GetUpdates", "result":"DeleteReceived", "context":{"id":"195cde10-1576-4a35-b8ef-c9253b51c7a0", "isDeleted:":"true", "version":"1681572859740"}}
{"logTime": "0429/153745", "correlationVector":"SIMmELgmu7zwOLosYQu1OK.65","action":"GetUpdates", "result":"DeleteReceived", "context":{"id":"34636e3c-379e-4e31-a952-7d5832da6507", "isDeleted:":"true", "version":"1681572859741"}}
{"logTime": "0429/153745", "correlationVector":"SIMmELgmu7zwOLosYQu1OK.66","action":"GetUpdates", "result":"DeleteReceived", "context":{"id":"60bd971a-efcf-4e90-9423-877a1613c305", "isDeleted:":"true", "version":"1681572859742"}}
{"logTime": "0429/153745", "correlationVector":"SIMmELgmu7zwOLosYQu1OK.67","action":"GetUpdates", "result":"DeleteReceived", "context":{"id":"2cb37fa6-5747-469c-bfbd-591ac3d2196d", "isDeleted:":"true", "version":"1681572942765"}}
{"logTime": "0429/153745", "correlationVector":"SIMmELgmu7zwOLosYQu1OK.68","action":"GetUpdates", "result":"DeleteReceived", "context":{"id":"c7a2d368-ed1f-48b0-b737-e086e9486094", "isDeleted:":"true", "version":"1681572942766"}}
{"logTime": "0429/153745", "correlationVector":"SIMmELgmu7zwOLosYQu1OK.69","action":"GetUpdates", "result":"DeleteReceived", "context":{"id":"0c616aaa-bfcf-4310-8289-5e7cfde98906", "isDeleted:":"true", "version":"1681572942767"}}
{"logTime": "0429/153745", "correlationVector":"SIMmELgmu7zwOLosYQu1OK.70","action":"GetUpdates", "result":"DeleteReceived", "context":{"id":"ca53b686-e143-4390-8565-ecf4c10a385a", "isDeleted:":"true", "version":"1681573247334"}}
{"logTime": "0429/153745", "correlationVector":"SIMmELgmu7zwOLosYQu1OK.71","action":"GetUpdates", "result":"DeleteReceived", "context":{"id":"6324c53b-cc81-4e94-b569-c6d18f8f1ae9", "isDeleted:":"true", "version":"1681819729168"}}
{"logTime": "0429/153745", "correlationVector":"SIMmELgmu7zwOLosYQu1OK.72","action":"GetUpdates", "result":"DeleteReceived", "context":{"id":"749bd56d-feba-4c25-bdb9-0a9526cf3670", "isDeleted:":"true", "version":"1681821861060"}}
{"logTime": "0429/153745", "correlationVector":"SIMmELgmu7zwOLosYQu1OK.73","action":"GetUpdates", "result":"DeleteReceived", "context":{"id":"cf576e9f-a2ca-4510-a444-fc52231a8eb6", "isDeleted:":"true", "version":"1682682384140"}}
{"logTime": "0429/153745", "correlationVector":"SIMmELgmu7zwOLosYQu1OK.74","action":"GetUpdates Response", "result":"SERVER_MORE_TO_DOWNLOAD", "context":Received 249 update(s).  Some updates remain.}
{"logTime": "0429/153745", "correlationVector":"XEmlfn1Svcpe8uAbV7MDkz","action":"Initial GetUpdates", "result":"", "context":Reason: NEWLY_SUPPORTED_DATATYPE. cV=XEmlfn1Svcpe8uAbV7MDkz}
{"logTime": "0429/153745", "correlationVector":"XEmlfn1Svcpe8uAbV7MDkz.1","action":"SyncServerConnectionManagerRequest", "result":"SYNC_SERVER_OK", "context":{"environment":"Prod_SoutheastAsia_000j", "migrationStage":"NotStarted", "server":"GENERAL0100000S"}}
{"logTime": "0429/153745", "correlationVector":"XEmlfn1Svcpe8uAbV7MDkz.2","action":"GetUpdates", "result":"DeleteReceived", "context":{"id":"9533c16f-babb-45de-a04e-a996f8ad60fb", "isDeleted:":"true", "version":"1682683693738"}}
{"logTime": "0429/153745", "correlationVector":"XEmlfn1Svcpe8uAbV7MDkz.3","action":"GetUpdates", "result":"DeleteReceived", "context":{"id":"42489025-a681-4d95-bab2-ad12e0429d4a", "isDeleted:":"true", "version":"1682683693739"}}
{"logTime": "0429/153745", "correlationVector":"XEmlfn1Svcpe8uAbV7MDkz.4","action":"GetUpdates", "result":"DeleteReceived", "context":{"id":"8b8b0288-0271-46e9-8480-b1681b0f0499", "isDeleted:":"true", "version":"1682683693740"}}
{"logTime": "0429/153745", "correlationVector":"XEmlfn1Svcpe8uAbV7MDkz.5","action":"GetUpdates", "result":"DeleteReceived", "context":{"id":"afb5292f-e03d-40a8-a641-1d9991667d9e", "isDeleted:":"true", "version":"1682683693741"}}
{"logTime": "0429/153745", "correlationVector":"XEmlfn1Svcpe8uAbV7MDkz.6","action":"GetUpdates", "result":"DeleteReceived", "context":{"id":"8cf6640b-8f11-4904-b18d-3fbedae135d7", "isDeleted:":"true", "version":"1682782143573"}}
{"logTime": "0429/153745", "correlationVector":"XEmlfn1Svcpe8uAbV7MDkz.7","action":"GetUpdates", "result":"DeleteReceived", "context":{"id":"cc8b5c1a-49a7-4d78-af7b-6cbd6695b0c8", "isDeleted:":"true", "version":"1682782143574"}}
{"logTime": "0429/153745", "correlationVector":"XEmlfn1Svcpe8uAbV7MDkz.8","action":"GetUpdates", "result":"DeleteReceived", "context":{"id":"2cdcf047-60ba-4ee2-8e61-5ec14b42869a", "isDeleted:":"true", "version":"1682782143575"}}
{"logTime": "0429/153745", "correlationVector":"XEmlfn1Svcpe8uAbV7MDkz.9","action":"GetUpdates", "result":"DeleteReceived", "context":{"id":"332461d0-75f5-474d-b6c6-8eb97b54762c", "isDeleted:":"true", "version":"1682782143577"}}
{"logTime": "0429/153745", "correlationVector":"XEmlfn1Svcpe8uAbV7MDkz.10","action":"GetUpdates", "result":"DeleteReceived", "context":{"id":"b1bb81b8-5bb0-412a-a731-e2d2754085b5", "isDeleted:":"true", "version":"1682782143578"}}
{"logTime": "0429/153745", "correlationVector":"XEmlfn1Svcpe8uAbV7MDkz.11","action":"GetUpdates Response", "result":"SYNCER_OK", "context":Received 58 update(s). cV=XEmlfn1Svcpe8uAbV7MDkz.0;server=GENERAL0100000S;cloudType=Consumer;environment=Prod_SoutheastAsia_000j;migrationStage=NotStarted}
{"logTime": "0429/153745", "correlationVector":"njzym3c4T/KkEXjJMnoLTN","action":"Normal GetUpdate request", "result":"", "context":cV=njzym3c4T/KkEXjJMnoLTN
Nudged types: Sessions, Device Info
Refresh requested types: Bookmarks, Preferences, Passwords, Autofill Profiles, Autofill, Autofill Custom Data, Typed URLs, Extensions, Sessions, Extension settings, History Delete Directives, Device Info, User Consents, Send Tab To Self, Web Apps, Collection, Edge E Drop, Encryption Keys}
{"logTime": "0429/153745", "correlationVector":"njzym3c4T/KkEXjJMnoLTN.1","action":"SyncServerConnectionManagerRequest", "result":"SYNC_SERVER_OK", "context":{"environment":"Prod_SoutheastAsia_000j", "migrationStage":"NotStarted", "server":"general0100001G"}}
{"logTime": "0429/153745", "correlationVector":"njzym3c4T/KkEXjJMnoLTN.2","action":"GetUpdates Response", "result":"SYNCER_OK", "context":Received 0 update(s). cV=njzym3c4T/KkEXjJMnoLTN.0;server=general0100001G;cloudType=Consumer;environment=Prod_SoutheastAsia_000j;migrationStage=NotStarted}
{"logTime": "0429/153745", "correlationVector":"MHik3+RySiZESlzp2Uuba0","action":"Commit Request", "result":"", "context":Item count: 1
Contributing types: Device Info}
{"logTime": "0429/153745", "correlationVector":"MHik3+RySiZESlzp2Uuba0.1","action":"SyncServerConnectionManagerRequest", "result":"SYNC_SERVER_OK", "context":{"environment":"Prod_SoutheastAsia_000j", "migrationStage":"NotStarted", "server":"GENERAL0100001H"}}
{"logTime": "0429/153745", "correlationVector":"MHik3+RySiZESlzp2Uuba0.2","action":"Commit Response", "result":"SYNCER_OK", "context":Result: SYNCER_OK. cV=MHik3+RySiZESlzp2Uuba0.0;server=GENERAL0100001H;cloudType=Consumer;environment=Prod_SoutheastAsia_000j;migrationStage=NotStarted}
{"logTime": "0429/153745", "correlationVector":"8UcT6hbmDqEHd0K1HWOPJB","action":"Commit Request", "result":"", "context":Item count: 2
Contributing types: Sessions}
{"logTime": "0429/153745", "correlationVector":"8UcT6hbmDqEHd0K1HWOPJB.1","action":"SyncServerConnectionManagerRequest", "result":"SYNC_SERVER_OK", "context":{"environment":"Prod_SoutheastAsia_000j", "migrationStage":"NotStarted", "server":"GENERAL01000010"}}
{"logTime": "0429/153745", "correlationVector":"8UcT6hbmDqEHd0K1HWOPJB.2","action":"Commit Response", "result":"SYNCER_OK", "context":Result: SYNCER_OK. cV=8UcT6hbmDqEHd0K1HWOPJB.0;server=GENERAL01000010;cloudType=Consumer;environment=Prod_SoutheastAsia_000j;migrationStage=NotStarted}
{"logTime": "0429/153746", "correlationVector":"iHSxqm5yUC5nU3jxD1gUfK","action":"Commit Request", "result":"", "context":Item count: 1
Contributing types: Sessions}
{"logTime": "0429/153746", "correlationVector":"iHSxqm5yUC5nU3jxD1gUfK.1","action":"SyncServerConnectionManagerRequest", "result":"SYNC_SERVER_OK", "context":{"environment":"Prod_SoutheastAsia_000j", "migrationStage":"NotStarted", "server":"GENERAL0100000D"}}
{"logTime": "0429/153746", "correlationVector":"iHSxqm5yUC5nU3jxD1gUfK.2","action":"Commit Response", "result":"SYNCER_OK", "context":Result: SYNCER_OK. cV=iHSxqm5yUC5nU3jxD1gUfK.0;server=GENERAL0100000D;cloudType=Consumer;environment=Prod_SoutheastAsia_000j;migrationStage=NotStarted}
{"logTime": "0429/153748", "correlationVector":"tx1BsC0LgpqoorSdYmh8Nu","action":"Normal GetUpdate request", "result":"", "context":cV=tx1BsC0LgpqoorSdYmh8Nu
Notified types: Device Info}
{"logTime": "0429/153748", "correlationVector":"tx1BsC0LgpqoorSdYmh8Nu.1","action":"SyncServerConnectionManagerRequest", "result":"SYNC_SERVER_OK", "context":{"environment":"Prod_SoutheastAsia_000j", "migrationStage":"NotStarted", "server":"GENERAL0100001H"}}
{"logTime": "0429/153748", "correlationVector":"tx1BsC0LgpqoorSdYmh8Nu.2","action":"GetUpdates", "result":"DeleteReceived", "context":{"id":"5363c66c-0adf-4678-8784-66a7e96f5e94", "isDeleted:":"true", "version":"1680424079311"}}
{"logTime": "0429/153748", "correlationVector":"tx1BsC0LgpqoorSdYmh8Nu.3","action":"GetUpdates", "result":"DeleteReceived", "context":{"id":"378767de-41e4-40f2-86a7-7a0682898892", "isDeleted:":"true", "version":"1680424663923"}}
{"logTime": "0429/153748", "correlationVector":"tx1BsC0LgpqoorSdYmh8Nu.4","action":"GetUpdates", "result":"DeleteReceived", "context":{"id":"a2498901-ec18-4ac1-988d-44b9ff359254", "isDeleted:":"true", "version":"1680424708512"}}
{"logTime": "0429/153748", "correlationVector":"tx1BsC0LgpqoorSdYmh8Nu.5","action":"GetUpdates", "result":"DeleteReceived", "context":{"id":"ab1a7dbf-2523-420c-883e-563a1dfaf061", "isDeleted:":"true", "version":"1680424885699"}}
{"logTime": "0429/153748", "correlationVector":"tx1BsC0LgpqoorSdYmh8Nu.6","action":"GetUpdates", "result":"DeleteReceived", "context":{"id":"426715b3-d866-4373-8002-f87c4d0236ae", "isDeleted:":"true", "version":"1680425691136"}}
{"logTime": "0429/153748", "correlationVector":"tx1BsC0LgpqoorSdYmh8Nu.7","action":"GetUpdates", "result":"DeleteReceived", "context":{"id":"af8a3cd1-227b-4b9c-915f-7e82d6983a81", "isDeleted:":"true", "version":"1680426571022"}}
{"logTime": "0429/153748", "correlationVector":"tx1BsC0LgpqoorSdYmh8Nu.8","action":"GetUpdates", "result":"DeleteReceived", "context":{"id":"d07479dd-dac3-4273-b86a-a2549574b0c1", "isDeleted:":"true", "version":"1680426866069"}}
{"logTime": "0429/153748", "correlationVector":"tx1BsC0LgpqoorSdYmh8Nu.9","action":"GetUpdates", "result":"DeleteReceived", "context":{"id":"9d301e89-449a-436b-ba65-d119d4e69682", "isDeleted:":"true", "version":"1680508681368"}}
{"logTime": "0429/153748", "correlationVector":"tx1BsC0LgpqoorSdYmh8Nu.10","action":"GetUpdates", "result":"DeleteReceived", "context":{"id":"ebca4179-e006-4cef-81d4-8936b7fd32d3", "isDeleted:":"true", "version":"1680508681369"}}
{"logTime": "0429/153748", "correlationVector":"tx1BsC0LgpqoorSdYmh8Nu.11","action":"GetUpdates", "result":"DeleteReceived", "context":{"id":"1366235f-3252-4d61-a0f3-ecbc604f6bf8", "isDeleted:":"true", "version":"1680560322904"}}
{"logTime": "0429/153748", "correlationVector":"tx1BsC0LgpqoorSdYmh8Nu.12","action":"GetUpdates", "result":"DeleteReceived", "context":{"id":"0e1029be-a3d4-4bf1-999e-5c78eb0a3ab7", "isDeleted:":"true", "version":"1680560322905"}}
{"logTime": "0429/153748", "correlationVector":"tx1BsC0LgpqoorSdYmh8Nu.13","action":"GetUpdates", "result":"DeleteReceived", "context":{"id":"1b805fb1-5ae4-4510-866f-f74ee8d0e92f", "isDeleted:":"true", "version":"1680560544530"}}
{"logTime": "0429/153748", "correlationVector":"tx1BsC0LgpqoorSdYmh8Nu.14","action":"GetUpdates", "result":"DeleteReceived", "context":{"id":"af293168-4ea7-4073-9dfb-d8172b8759d4", "isDeleted:":"true", "version":"1680560584071"}}
{"logTime": "0429/153748", "correlationVector":"tx1BsC0LgpqoorSdYmh8Nu.15","action":"GetUpdates", "result":"DeleteReceived", "context":{"id":"14813d91-75db-473e-b995-77771a1ef726", "isDeleted:":"true", "version":"1680560653260"}}
{"logTime": "0429/153748", "correlationVector":"tx1BsC0LgpqoorSdYmh8Nu.16","action":"GetUpdates", "result":"DeleteReceived", "context":{"id":"3b90d571-0ff6-4459-8d28-a17437afde7e", "isDeleted:":"true", "version":"1680561283160"}}
{"logTime": "0429/153748", "correlationVector":"tx1BsC0LgpqoorSdYmh8Nu.17","action":"GetUpdates", "result":"DeleteReceived", "context":{"id":"1a802d55-5824-4551-a4ab-91bea05108c2", "isDeleted:":"true", "version":"1680561283161"}}
{"logTime": "0429/153748", "correlationVector":"tx1BsC0LgpqoorSdYmh8Nu.18","action":"GetUpdates", "result":"DeleteReceived", "context":{"id":"58116e28-3fbd-4d1d-ab59-5c10ffac9894", "isDeleted:":"true", "version":"1680561978248"}}
{"logTime": "0429/153748", "correlationVector":"tx1BsC0LgpqoorSdYmh8Nu.19","action":"GetUpdates", "result":"DeleteReceived", "context":{"id":"9be248ce-8578-4103-8f64-3b57120fcd49", "isDeleted:":"true", "version":"1680562591324"}}
{"logTime": "0429/153748", "correlationVector":"tx1BsC0LgpqoorSdYmh8Nu.20","action":"GetUpdates", "result":"DeleteReceived", "context":{"id":"82ea9fb7-4139-48a3-bb67-d2b677f50641", "isDeleted:":"true", "version":"1680703743390"}}
{"logTime": "0429/153748", "correlationVector":"tx1BsC0LgpqoorSdYmh8Nu.21","action":"GetUpdates", "result":"DeleteReceived", "context":{"id":"25574afc-7ee3-4ea1-91fa-b30a9b1b15f4", "isDeleted:":"true", "version":"1680703743391"}}
{"logTime": "0429/153748", "correlationVector":"tx1BsC0LgpqoorSdYmh8Nu.22","action":"GetUpdates", "result":"DeleteReceived", "context":{"id":"dd2c0326-3813-4c9e-b20d-53bb1fe79c60", "isDeleted:":"true", "version":"1680703743392"}}
{"logTime": "0429/153748", "correlationVector":"tx1BsC0LgpqoorSdYmh8Nu.23","action":"GetUpdates", "result":"DeleteReceived", "context":{"id":"a87f1387-ecc0-45d1-bbb2-2c7d14c347a0", "isDeleted:":"true", "version":"1681051787622"}}
{"logTime": "0429/153748", "correlationVector":"tx1BsC0LgpqoorSdYmh8Nu.24","action":"GetUpdates", "result":"DeleteReceived", "context":{"id":"34bf5ffe-bcf7-4809-a428-aca621ebab85", "isDeleted:":"true", "version":"1681292785139"}}
{"logTime": "0429/153748", "correlationVector":"tx1BsC0LgpqoorSdYmh8Nu.25","action":"GetUpdates", "result":"DeleteReceived", "context":{"id":"7a5406f0-469b-48d7-a37a-28cc187cf30d", "isDeleted:":"true", "version":"1681292868715"}}
{"logTime": "0429/153748", "correlationVector":"tx1BsC0LgpqoorSdYmh8Nu.26","action":"GetUpdates", "result":"DeleteReceived", "context":{"id":"d186b81c-a5a8-422f-9802-364dd13a6f0d", "isDeleted:":"true", "version":"1681292955448"}}
{"logTime": "0429/153748", "correlationVector":"tx1BsC0LgpqoorSdYmh8Nu.27","action":"GetUpdates", "result":"DeleteReceived", "context":{"id":"51da3c2b-ba28-447a-8d6c-96d02cfefab6", "isDeleted:":"true", "version":"1681443402364"}}
{"logTime": "0429/153748", "correlationVector":"tx1BsC0LgpqoorSdYmh8Nu.28","action":"GetUpdates", "result":"DeleteReceived", "context":{"id":"7bf41caa-42d0-417a-9c10-85af5539d9cd", "isDeleted:":"true", "version":"1681443402366"}}
{"logTime": "0429/153748", "correlationVector":"tx1BsC0LgpqoorSdYmh8Nu.29","action":"GetUpdates", "result":"DeleteReceived", "context":{"id":"53b2f8e8-a224-4bd6-9e7d-44e1cd8fdf1d", "isDeleted:":"true", "version":"1681443402367"}}
{"logTime": "0429/153748", "correlationVector":"tx1BsC0LgpqoorSdYmh8Nu.30","action":"GetUpdates", "result":"DeleteReceived", "context":{"id":"4addaba4-1510-4946-98a3-1157ab935425", "isDeleted:":"true", "version":"1681443402368"}}
{"logTime": "0429/153748", "correlationVector":"tx1BsC0LgpqoorSdYmh8Nu.31","action":"GetUpdates", "result":"DeleteReceived", "context":{"id":"8a6f6ded-3b7c-49d7-bcb7-a7f3e9032d3f", "isDeleted:":"true", "version":"1681443566279"}}
{"logTime": "0429/153748", "correlationVector":"tx1BsC0LgpqoorSdYmh8Nu.32","action":"GetUpdates", "result":"DeleteReceived", "context":{"id":"d5ca9d94-7528-4f55-a936-d7b3b0d140ed", "isDeleted:":"true", "version":"1681563114106"}}
{"logTime": "0429/153748", "correlationVector":"tx1BsC0LgpqoorSdYmh8Nu.33","action":"GetUpdates", "result":"DeleteReceived", "context":{"id":"2845c513-4e96-4a56-a78b-223e7ec3245c", "isDeleted:":"true", "version":"1681563114107"}}
{"logTime": "0429/153748", "correlationVector":"tx1BsC0LgpqoorSdYmh8Nu.34","action":"GetUpdates", "result":"DeleteReceived", "context":{"id":"c5fbb36f-ded3-47e7-8c83-9b1ce2a832e0", "isDeleted:":"true", "version":"1681563478208"}}
{"logTime": "0429/153748", "correlationVector":"tx1BsC0LgpqoorSdYmh8Nu.35","action":"GetUpdates", "result":"DeleteReceived", "context":{"id":"510d3bbf-0f2a-406f-8b7f-8d6ea197ac70", "isDeleted:":"true", "version":"1681563574487"}}
{"logTime": "0429/153748", "correlationVector":"tx1BsC0LgpqoorSdYmh8Nu.36","action":"GetUpdates", "result":"DeleteReceived", "context":{"id":"ec4e07c0-881c-4060-a427-4c7d988f9c84", "isDeleted:":"true", "version":"1681565981404"}}
{"logTime": "0429/153748", "correlationVector":"tx1BsC0LgpqoorSdYmh8Nu.37","action":"GetUpdates", "result":"DeleteReceived", "context":{"id":"d6dbb1ff-4d9b-4d9f-9e83-b87138b42f6e", "isDeleted:":"true", "version":"1681566144287"}}
{"logTime": "0429/153748", "correlationVector":"tx1BsC0LgpqoorSdYmh8Nu.38","action":"GetUpdates", "result":"DeleteReceived", "context":{"id":"217087b1-c0da-474a-b272-0fcf4334d4af", "isDeleted:":"true", "version":"1681566144288"}}
{"logTime": "0429/153748", "correlationVector":"tx1BsC0LgpqoorSdYmh8Nu.39","action":"GetUpdates", "result":"DeleteReceived", "context":{"id":"20668495-847d-49a6-8525-991175bc6406", "isDeleted:":"true", "version":"1681566144289"}}
{"logTime": "0429/153748", "correlationVector":"tx1BsC0LgpqoorSdYmh8Nu.40","action":"GetUpdates", "result":"DeleteReceived", "context":{"id":"023876ea-28de-46b6-b759-ff07ac2b182a", "isDeleted:":"true", "version":"1681566144290"}}
{"logTime": "0429/153748", "correlationVector":"tx1BsC0LgpqoorSdYmh8Nu.41","action":"GetUpdates", "result":"DeleteReceived", "context":{"id":"1c1012e0-744e-4312-8c28-d07e3724a328", "isDeleted:":"true", "version":"1681566409486"}}
{"logTime": "0429/153748", "correlationVector":"tx1BsC0LgpqoorSdYmh8Nu.42","action":"GetUpdates", "result":"DeleteReceived", "context":{"id":"36e13739-d9b6-4cb4-8e8b-cbb79ef0ab1a", "isDeleted:":"true", "version":"1681566409488"}}
{"logTime": "0429/153748", "correlationVector":"tx1BsC0LgpqoorSdYmh8Nu.43","action":"GetUpdates", "result":"DeleteReceived", "context":{"id":"ceffc7e2-a4bf-4499-8073-0ab95b9bcd27", "isDeleted:":"true", "version":"1681566409489"}}
{"logTime": "0429/153748", "correlationVector":"tx1BsC0LgpqoorSdYmh8Nu.44","action":"GetUpdates", "result":"DeleteReceived", "context":{"id":"acd7a8f7-5334-4fd9-a428-f0547908c3fb", "isDeleted:":"true", "version":"1681566409490"}}
{"logTime": "0429/153748", "correlationVector":"tx1BsC0LgpqoorSdYmh8Nu.45","action":"GetUpdates", "result":"DeleteReceived", "context":{"id":"5f65bcd6-2235-4456-a5ef-fe9704a5aa63", "isDeleted:":"true", "version":"1681566772868"}}
{"logTime": "0429/153748", "correlationVector":"tx1BsC0LgpqoorSdYmh8Nu.46","action":"GetUpdates", "result":"DeleteReceived", "context":{"id":"dd21010d-9c7e-4b85-af15-4315770dfdf0", "isDeleted:":"true", "version":"1681569314793"}}
{"logTime": "0429/153748", "correlationVector":"tx1BsC0LgpqoorSdYmh8Nu.47","action":"GetUpdates", "result":"DeleteReceived", "context":{"id":"9d8f6f90-06df-454a-bb2f-b91b3178efd5", "isDeleted:":"true", "version":"1681569972018"}}
{"logTime": "0429/153748", "correlationVector":"tx1BsC0LgpqoorSdYmh8Nu.48","action":"GetUpdates", "result":"DeleteReceived", "context":{"id":"2c065c6c-af77-448c-bc1a-7d3d4e223587", "isDeleted:":"true", "version":"1681569972020"}}
{"logTime": "0429/153748", "correlationVector":"tx1BsC0LgpqoorSdYmh8Nu.49","action":"GetUpdates", "result":"DeleteReceived", "context":{"id":"e8a4dd5c-39b4-4ddf-b7f8-2dd0194655c3", "isDeleted:":"true", "version":"1681569972023"}}
{"logTime": "0429/153748", "correlationVector":"tx1BsC0LgpqoorSdYmh8Nu.50","action":"GetUpdates", "result":"DeleteReceived", "context":{"id":"e3bc0e84-b5bd-4a7a-aff0-a05fc4341977", "isDeleted:":"true", "version":"1681569972024"}}
{"logTime": "0429/153748", "correlationVector":"tx1BsC0LgpqoorSdYmh8Nu.51","action":"GetUpdates", "result":"DeleteReceived", "context":{"id":"d42532ee-ff07-4010-a0be-0df3d7ea341b", "isDeleted:":"true", "version":"1681571158667"}}
{"logTime": "0429/153748", "correlationVector":"tx1BsC0LgpqoorSdYmh8Nu.52","action":"GetUpdates", "result":"DeleteReceived", "context":{"id":"813ab5f5-3f83-41ce-a7ba-ff72bb3ddd17", "isDeleted:":"true", "version":"1681571502148"}}
{"logTime": "0429/153748", "correlationVector":"tx1BsC0LgpqoorSdYmh8Nu.53","action":"GetUpdates", "result":"DeleteReceived", "context":{"id":"c0f15fd4-df0f-4344-8f89-bce623f858ac", "isDeleted:":"true", "version":"1681571756893"}}
{"logTime": "0429/153748", "correlationVector":"tx1BsC0LgpqoorSdYmh8Nu.54","action":"GetUpdates", "result":"DeleteReceived", "context":{"id":"0104161f-40eb-4b64-84b9-435c8a39a423", "isDeleted:":"true", "version":"1681572859737"}}
{"logTime": "0429/153748", "correlationVector":"tx1BsC0LgpqoorSdYmh8Nu.55","action":"GetUpdates", "result":"DeleteReceived", "context":{"id":"57235938-71cd-444c-aee9-e9f6f18fdd48", "isDeleted:":"true", "version":"1681572859738"}}
{"logTime": "0429/153748", "correlationVector":"tx1BsC0LgpqoorSdYmh8Nu.56","action":"GetUpdates", "result":"DeleteReceived", "context":{"id":"195cde10-1576-4a35-b8ef-c9253b51c7a0", "isDeleted:":"true", "version":"1681572859740"}}
{"logTime": "0429/153748", "correlationVector":"tx1BsC0LgpqoorSdYmh8Nu.57","action":"GetUpdates", "result":"DeleteReceived", "context":{"id":"34636e3c-379e-4e31-a952-7d5832da6507", "isDeleted:":"true", "version":"1681572859741"}}
{"logTime": "0429/153748", "correlationVector":"tx1BsC0LgpqoorSdYmh8Nu.58","action":"GetUpdates", "result":"DeleteReceived", "context":{"id":"60bd971a-efcf-4e90-9423-877a1613c305", "isDeleted:":"true", "version":"1681572859742"}}
{"logTime": "0429/153748", "correlationVector":"tx1BsC0LgpqoorSdYmh8Nu.59","action":"GetUpdates", "result":"DeleteReceived", "context":{"id":"2cb37fa6-5747-469c-bfbd-591ac3d2196d", "isDeleted:":"true", "version":"1681572942765"}}
{"logTime": "0429/153748", "correlationVector":"tx1BsC0LgpqoorSdYmh8Nu.60","action":"GetUpdates", "result":"DeleteReceived", "context":{"id":"c7a2d368-ed1f-48b0-b737-e086e9486094", "isDeleted:":"true", "version":"1681572942766"}}
{"logTime": "0429/153748", "correlationVector":"tx1BsC0LgpqoorSdYmh8Nu.61","action":"GetUpdates", "result":"DeleteReceived", "context":{"id":"0c616aaa-bfcf-4310-8289-5e7cfde98906", "isDeleted:":"true", "version":"1681572942767"}}
{"logTime": "0429/153748", "correlationVector":"tx1BsC0LgpqoorSdYmh8Nu.62","action":"GetUpdates", "result":"DeleteReceived", "context":{"id":"ca53b686-e143-4390-8565-ecf4c10a385a", "isDeleted:":"true", "version":"1681573247334"}}
{"logTime": "0429/153748", "correlationVector":"tx1BsC0LgpqoorSdYmh8Nu.63","action":"GetUpdates", "result":"DeleteReceived", "context":{"id":"6324c53b-cc81-4e94-b569-c6d18f8f1ae9", "isDeleted:":"true", "version":"1681819729168"}}
{"logTime": "0429/153748", "correlationVector":"tx1BsC0LgpqoorSdYmh8Nu.64","action":"GetUpdates", "result":"DeleteReceived", "context":{"id":"749bd56d-feba-4c25-bdb9-0a9526cf3670", "isDeleted:":"true", "version":"1681821861060"}}
{"logTime": "0429/153748", "correlationVector":"tx1BsC0LgpqoorSdYmh8Nu.65","action":"GetUpdates", "result":"DeleteReceived", "context":{"id":"cf576e9f-a2ca-4510-a444-fc52231a8eb6", "isDeleted:":"true", "version":"1682682384140"}}
{"logTime": "0429/153748", "correlationVector":"tx1BsC0LgpqoorSdYmh8Nu.66","action":"GetUpdates Response", "result":"SERVER_MORE_TO_DOWNLOAD", "context":Received 250 update(s).  Some updates remain.}
{"logTime": "0429/153748", "correlationVector":"urQBn8Vdf3IhS+AtyzlPkV","action":"Normal GetUpdate request", "result":"", "context":cV=urQBn8Vdf3IhS+AtyzlPkV
Notified types: Device Info}
{"logTime": "0429/153749", "correlationVector":"urQBn8Vdf3IhS+AtyzlPkV.1","action":"SyncServerConnectionManagerRequest", "result":"SYNC_SERVER_OK", "context":{"environment":"Prod_SoutheastAsia_000j", "migrationStage":"NotStarted", "server":"GENERAL0100001J"}}
{"logTime": "0429/153749", "correlationVector":"urQBn8Vdf3IhS+AtyzlPkV.2","action":"GetUpdates", "result":"DeleteReceived", "context":{"id":"9533c16f-babb-45de-a04e-a996f8ad60fb", "isDeleted:":"true", "version":"1682683693738"}}
{"logTime": "0429/153749", "correlationVector":"urQBn8Vdf3IhS+AtyzlPkV.3","action":"GetUpdates", "result":"DeleteReceived", "context":{"id":"42489025-a681-4d95-bab2-ad12e0429d4a", "isDeleted:":"true", "version":"1682683693739"}}
{"logTime": "0429/153749", "correlationVector":"urQBn8Vdf3IhS+AtyzlPkV.4","action":"GetUpdates", "result":"DeleteReceived", "context":{"id":"8b8b0288-0271-46e9-8480-b1681b0f0499", "isDeleted:":"true", "version":"1682683693740"}}
{"logTime": "0429/153749", "correlationVector":"urQBn8Vdf3IhS+AtyzlPkV.5","action":"GetUpdates", "result":"DeleteReceived", "context":{"id":"afb5292f-e03d-40a8-a641-1d9991667d9e", "isDeleted:":"true", "version":"1682683693741"}}
{"logTime": "0429/153749", "correlationVector":"urQBn8Vdf3IhS+AtyzlPkV.6","action":"GetUpdates", "result":"DeleteReceived", "context":{"id":"8cf6640b-8f11-4904-b18d-3fbedae135d7", "isDeleted:":"true", "version":"1682782143573"}}
{"logTime": "0429/153749", "correlationVector":"urQBn8Vdf3IhS+AtyzlPkV.7","action":"GetUpdates", "result":"DeleteReceived", "context":{"id":"cc8b5c1a-49a7-4d78-af7b-6cbd6695b0c8", "isDeleted:":"true", "version":"1682782143574"}}
{"logTime": "0429/153749", "correlationVector":"urQBn8Vdf3IhS+AtyzlPkV.8","action":"GetUpdates", "result":"DeleteReceived", "context":{"id":"2cdcf047-60ba-4ee2-8e61-5ec14b42869a", "isDeleted:":"true", "version":"1682782143575"}}
{"logTime": "0429/153749", "correlationVector":"urQBn8Vdf3IhS+AtyzlPkV.9","action":"GetUpdates", "result":"DeleteReceived", "context":{"id":"332461d0-75f5-474d-b6c6-8eb97b54762c", "isDeleted:":"true", "version":"1682782143577"}}
{"logTime": "0429/153749", "correlationVector":"urQBn8Vdf3IhS+AtyzlPkV.10","action":"GetUpdates", "result":"DeleteReceived", "context":{"id":"b1bb81b8-5bb0-412a-a731-e2d2754085b5", "isDeleted:":"true", "version":"1682782143578"}}
{"logTime": "0429/153749", "correlationVector":"urQBn8Vdf3IhS+AtyzlPkV.11","action":"GetUpdates Response", "result":"SYNCER_OK", "context":Received 60 update(s). cV=urQBn8Vdf3IhS+AtyzlPkV.0;server=GENERAL0100001J;cloudType=Consumer;environment=Prod_SoutheastAsia_000j;migrationStage=NotStarted}
{"logTime": "0429/153842", "correlationVector":"Yc91ko7zgvItU0t1t5CUv9","action":"Commit Request", "result":"", "context":Item count: 1
Contributing types: Sessions}
{"logTime": "0429/153842", "correlationVector":"Yc91ko7zgvItU0t1t5CUv9.1","action":"SyncServerConnectionManagerRequest", "result":"SYNC_SERVER_OK", "context":{"environment":"Prod_SoutheastAsia_000j", "migrationStage":"NotStarted", "server":"GENERAL01000004"}}
{"logTime": "0429/153842", "correlationVector":"Yc91ko7zgvItU0t1t5CUv9.2","action":"Commit Response", "result":"SYNCER_OK", "context":Result: SYNCER_OK. cV=Yc91ko7zgvItU0t1t5CUv9.0;server=GENERAL01000004;cloudType=Consumer;environment=Prod_SoutheastAsia_000j;migrationStage=NotStarted}
